# JRE version: Java(TM) SE Runtime Environment (8.0_05-b13) (build 1.8.0_05-b13)
# Java VM: Java HotSpot(TM) 64-Bit Server VM (25.5-b02 mixed mode windows-amd64 compressed oops)
Heap:
 PSYoungGen      total 278528K, used 71880K [0x00000000eab00000, 0x0000000100000000, 0x0000000100000000)
  eden space 224256K, 17% used [0x00000000eab00000,0x00000000ed14a830,0x00000000f8600000)
  from space 54272K, 60% used [0x00000000f8600000,0x00000000fa5e7a88,0x00000000fbb00000)
  to   space 70656K, 0% used [0x00000000fbb00000,0x00000000fbb00000,0x0000000100000000)
 ParOldGen       total 235520K, used 235493K [0x00000000c0000000, 0x00000000ce600000, 0x00000000eab00000)
  object space 235520K, 99% used [0x00000000c0000000,0x00000000ce5f9488,0x00000000ce600000)
 Metaspace       used 6266K, capacity 7128K, committed 7424K, reserved 1056768K
  class space    used 619K, capacity 656K, committed 768K, reserved 1048576K
GC Heap History (10 events):
Event: 4.355 GC heap before
{Heap before GC invocations=29 (full 2):
 PSYoungGen      total 242176K, used 224622K [0x00000000eab00000, 0x00000000fdf00000, 0x0000000100000000)
  eden space 211968K, 100% used [0x00000000eab00000,0x00000000f7a00000,0x00000000f7a00000)
  from space 30208K, 41% used [0x00000000fc180000,0x00000000fcddbb38,0x00000000fdf00000)
  to   space 42496K, 0% used [0x00000000f8c00000,0x00000000f8c00000,0x00000000fb580000)
 ParOldGen       total 181248K, used 154791K [0x00000000c0000000, 0x00000000cb100000, 0x00000000eab00000)
  object space 181248K, 85% used [0x00000000c0000000,0x00000000c9729d68,0x00000000cb100000)
 Metaspace       used 6258K, capacity 7128K, committed 7424K, reserved 1056768K
  class space    used 619K, capacity 656K, committed 768K, reserved 1048576K
Event: 4.428 GC heap after
Heap after GC invocations=29 (full 2):
 PSYoungGen      total 270848K, used 42466K [0x00000000eab00000, 0x00000000fec00000, 0x0000000100000000)
  eden space 228352K, 0% used [0x00000000eab00000,0x00000000eab00000,0x00000000f8a00000)
  from space 42496K, 99% used [0x00000000f8c00000,0x00000000fb578908,0x00000000fb580000)
  to   space 50176K, 0% used [0x00000000fbb00000,0x00000000fbb00000,0x00000000fec00000)
 ParOldGen       total 181248K, used 155295K [0x00000000c0000000, 0x00000000cb100000, 0x00000000eab00000)
  object space 181248K, 85% used [0x00000000c0000000,0x00000000c97a7d60,0x00000000cb100000)
 Metaspace       used 6258K, capacity 7128K, committed 7424K, reserved 1056768K
  class space    used 619K, capacity 656K, committed 768K, reserved 1048576K
}
Event: 4.779 GC heap before
{Heap before GC invocations=30 (full 2):
 PSYoungGen      total 270848K, used 270818K [0x00000000eab00000, 0x00000000fec00000, 0x0000000100000000)
  eden space 228352K, 100% used [0x00000000eab00000,0x00000000f8a00000,0x00000000f8a00000)
  from space 42496K, 99% used [0x00000000f8c00000,0x00000000fb578908,0x00000000fb580000)
  to   space 50176K, 0% used [0x00000000fbb00000,0x00000000fbb00000,0x00000000fec00000)
 ParOldGen       total 181248K, used 155295K [0x00000000c0000000, 0x00000000cb100000, 0x00000000eab00000)
  object space 181248K, 85% used [0x00000000c0000000,0x00000000c97a7d60,0x00000000cb100000)
 Metaspace       used 6266K, capacity 7128K, committed 7424K, reserved 1056768K
  class space    used 619K, capacity 656K, committed 768K, reserved 1048576K
Event: 4.859 GC heap after
Heap after GC invocations=30 (full 2):
 PSYoungGen      total 274432K, used 37841K [0x00000000eab00000, 0x0000000100000000, 0x0000000100000000)
  eden space 224256K, 0% used [0x00000000eab00000,0x00000000eab00000,0x00000000f8600000)
  from space 50176K, 75% used [0x00000000fbb00000,0x00000000fdff4610,0x00000000fec00000)
  to   space 54272K, 0% used [0x00000000f8600000,0x00000000f8600000,0x00000000fbb00000)
 ParOldGen       total 197120K, used 197098K [0x00000000c0000000, 0x00000000cc080000, 0x00000000eab00000)
  object space 197120K, 99% used [0x00000000c0000000,0x00000000cc07aaf8,0x00000000cc080000)
 Metaspace       used 6266K, capacity 7128K, committed 7424K, reserved 1056768K
  class space    used 619K, capacity 656K, committed 768K, reserved 1048576K
}
Event: 4.859 GC heap before
{Heap before GC invocations=31 (full 3):
 PSYoungGen      total 274432K, used 37841K [0x00000000eab00000, 0x0000000100000000, 0x0000000100000000)
  eden space 224256K, 0% used [0x00000000eab00000,0x00000000eab00000,0x00000000f8600000)
  from space 50176K, 75% used [0x00000000fbb00000,0x00000000fdff4610,0x00000000fec00000)
  to   space 54272K, 0% used [0x00000000f8600000,0x00000000f8600000,0x00000000fbb00000)
 ParOldGen       total 197120K, used 197098K [0x00000000c0000000, 0x00000000cc080000, 0x00000000eab00000)
  object space 197120K, 99% used [0x00000000c0000000,0x00000000cc07aaf8,0x00000000cc080000)
 Metaspace       used 6266K, capacity 7128K, committed 7424K, reserved 1056768K
  class space    used 619K, capacity 656K, committed 768K, reserved 1048576K
Event: 5.823 GC heap after
Heap after GC invocations=31 (full 3):
 PSYoungGen      total 274432K, used 37024K [0x00000000eab00000, 0x0000000100000000, 0x0000000100000000)
  eden space 224256K, 0% used [0x00000000eab00000,0x00000000eab00000,0x00000000f8600000)
  from space 50176K, 73% used [0x00000000fbb00000,0x00000000fdf28060,0x00000000fec00000)
  to   space 54272K, 0% used [0x00000000f8600000,0x00000000f8600000,0x00000000fbb00000)
 ParOldGen       total 235520K, used 196650K [0x00000000c0000000, 0x00000000ce600000, 0x00000000eab00000)
  object space 235520K, 83% used [0x00000000c0000000,0x00000000cc00ab30,0x00000000ce600000)
 Metaspace       used 6266K, capacity 7128K, committed 7424K, reserved 1056768K
  class space    used 619K, capacity 656K, committed 768K, reserved 1048576K
}
Event: 6.114 GC heap before
{Heap before GC invocations=32 (full 3):
 PSYoungGen      total 274432K, used 261280K [0x00000000eab00000, 0x0000000100000000, 0x0000000100000000)
  eden space 224256K, 100% used [0x00000000eab00000,0x00000000f8600000,0x00000000f8600000)
  from space 50176K, 73% used [0x00000000fbb00000,0x00000000fdf28060,0x00000000fec00000)
  to   space 54272K, 0% used [0x00000000f8600000,0x00000000f8600000,0x00000000fbb00000)
 ParOldGen       total 235520K, used 196650K [0x00000000c0000000, 0x00000000ce600000, 0x00000000eab00000)
  object space 235520K, 83% used [0x00000000c0000000,0x00000000cc00ab30,0x00000000ce600000)
 Metaspace       used 6266K, capacity 7128K, committed 7424K, reserved 1056768K
  class space    used 619K, capacity 656K, committed 768K, reserved 1048576K
Event: 6.184 GC heap after
Heap after GC invocations=32 (full 3):
 PSYoungGen      total 278528K, used 54248K [0x00000000eab00000, 0x0000000100000000, 0x0000000100000000)
  eden space 224256K, 0% used [0x00000000eab00000,0x00000000eab00000,0x00000000f8600000)
  from space 54272K, 99% used [0x00000000f8600000,0x00000000fbafa150,0x00000000fbb00000)
  to   space 70656K, 0% used [0x00000000fbb00000,0x00000000fbb00000,0x0000000100000000)
 ParOldGen       total 235520K, used 214623K [0x00000000c0000000, 0x00000000ce600000, 0x00000000eab00000)
  object space 235520K, 91% used [0x00000000c0000000,0x00000000cd197e28,0x00000000ce600000)
 Metaspace       used 6266K, capacity 7128K, committed 7424K, reserved 1056768K
  class space    used 619K, capacity 656K, committed 768K, reserved 1048576K
}
Event: 6.184 GC heap before
{Heap before GC invocations=33 (full 4):
 PSYoungGen      total 278528K, used 54248K [0x00000000eab00000, 0x0000000100000000, 0x0000000100000000)
  eden space 224256K, 0% used [0x00000000eab00000,0x00000000eab00000,0x00000000f8600000)
  from space 54272K, 99% used [0x00000000f8600000,0x00000000fbafa150,0x00000000fbb00000)
  to   space 70656K, 0% used [0x00000000fbb00000,0x00000000fbb00000,0x0000000100000000)
 ParOldGen       total 235520K, used 214623K [0x00000000c0000000, 0x00000000ce600000, 0x00000000eab00000)
  object space 235520K, 91% used [0x00000000c0000000,0x00000000cd197e28,0x00000000ce600000)
 Metaspace       used 6266K, capacity 7128K, committed 7424K, reserved 1056768K
  class space    used 619K, capacity 656K, committed 768K, reserved 1048576K
Event: 7.059 GC heap after
Heap after GC invocations=33 (full 4):
 PSYoungGen      total 278528K, used 32670K [0x00000000eab00000, 0x0000000100000000, 0x0000000100000000)
  eden space 224256K, 0% used [0x00000000eab00000,0x00000000eab00000,0x00000000f8600000)
  from space 54272K, 60% used [0x00000000f8600000,0x00000000fa5e7a88,0x00000000fbb00000)
  to   space 70656K, 0% used [0x00000000fbb00000,0x00000000fbb00000,0x0000000100000000)
 ParOldGen       total 235520K, used 235493K [0x00000000c0000000, 0x00000000ce600000, 0x00000000eab00000)
  object space 235520K, 99% used [0x00000000c0000000,0x00000000ce5f9488,0x00000000ce600000)
 Metaspace       used 6266K, capacity 7128K, committed 7424K, reserved 1056768K
  class space    used 619K, capacity 656K, committed 768K, reserved 1048576K
}

